{"D:\\W10\\Documents\\Cursos\\Ignite\\ReactNative\\gofinances\\src\\components\\Forms\\Button\\index.tsx": {"path":"D:\\W10\\Documents\\Cursos\\Ignite\\ReactNative\\gofinances\\src\\components\\Forms\\Button\\index.tsx","statementMap":{"0":{"start":{"line":12,"column":2},"end":{"line":16,"column":4}}},"fnMap":{"0":{"name":"Button","decl":{"start":{"line":11,"column":16},"end":{"line":11,"column":22}},"loc":{"start":{"line":11,"column":56},"end":{"line":17,"column":1}},"line":11}},"branchMap":{},"s":{"0":0},"f":{"0":0},"b":{}}
,"D:\\W10\\Documents\\Cursos\\Ignite\\ReactNative\\gofinances\\src\\components\\Forms\\CategorySelectButton\\index.tsx": {"path":"D:\\W10\\Documents\\Cursos\\Ignite\\ReactNative\\gofinances\\src\\components\\Forms\\CategorySelectButton\\index.tsx","statementMap":{"0":{"start":{"line":11,"column":2},"end":{"line":16,"column":4}}},"fnMap":{"0":{"name":"CategorySelectButton","decl":{"start":{"line":10,"column":16},"end":{"line":10,"column":36}},"loc":{"start":{"line":10,"column":68},"end":{"line":17,"column":1}},"line":10}},"branchMap":{},"s":{"0":0},"f":{"0":0},"b":{}}
,"D:\\W10\\Documents\\Cursos\\Ignite\\ReactNative\\gofinances\\src\\components\\Forms\\Input\\index.tsx": {"path":"D:\\W10\\Documents\\Cursos\\Ignite\\ReactNative\\gofinances\\src\\components\\Forms\\Input\\index.tsx","statementMap":{"0":{"start":{"line":11,"column":2},"end":{"line":16,"column":4}}},"fnMap":{"0":{"name":"Input","decl":{"start":{"line":10,"column":16},"end":{"line":10,"column":21}},"loc":{"start":{"line":10,"column":55},"end":{"line":17,"column":1}},"line":10}},"branchMap":{"0":{"loc":{"start":{"line":10,"column":23},"end":{"line":10,"column":37}},"type":"default-arg","locations":[{"start":{"line":10,"column":32},"end":{"line":10,"column":37}}],"line":10}},"s":{"0":1},"f":{"0":1},"b":{"0":[0]},"_coverageSchema":"1a1c01bbd47fc00a2c39e90264f33305004495a9","hash":"2e21f7aa8ef446f840a7e8b18ae10a9080f028d4"}
,"D:\\W10\\Documents\\Cursos\\Ignite\\ReactNative\\gofinances\\src\\components\\Forms\\InputForm\\index.tsx": {"path":"D:\\W10\\Documents\\Cursos\\Ignite\\ReactNative\\gofinances\\src\\components\\Forms\\InputForm\\index.tsx","statementMap":{"0":{"start":{"line":14,"column":2},"end":{"line":29,"column":4}},"1":{"start":{"line":19,"column":10},"end":{"line":23,"column":12}}},"fnMap":{"0":{"name":"InputForm","decl":{"start":{"line":13,"column":16},"end":{"line":13,"column":25}},"loc":{"start":{"line":13,"column":64},"end":{"line":30,"column":1}},"line":13},"1":{"name":"(anonymous_1)","decl":{"start":{"line":18,"column":16},"end":{"line":18,"column":17}},"loc":{"start":{"line":19,"column":10},"end":{"line":23,"column":12}},"line":19}},"branchMap":{"0":{"loc":{"start":{"line":27,"column":7},"end":{"line":27,"column":40}},"type":"binary-expr","locations":[{"start":{"line":27,"column":7},"end":{"line":27,"column":12}},{"start":{"line":27,"column":17},"end":{"line":27,"column":39}}],"line":27}},"s":{"0":0,"1":0},"f":{"0":0,"1":0},"b":{"0":[0,0]}}
,"D:\\W10\\Documents\\Cursos\\Ignite\\ReactNative\\gofinances\\src\\components\\Forms\\TransactionTypeButton\\index.tsx": {"path":"D:\\W10\\Documents\\Cursos\\Ignite\\ReactNative\\gofinances\\src\\components\\Forms\\TransactionTypeButton\\index.tsx","statementMap":{"0":{"start":{"line":5,"column":14},"end":{"line":8,"column":1}},"1":{"start":{"line":17,"column":2},"end":{"line":30,"column":4}}},"fnMap":{"0":{"name":"TransactionTypeButton","decl":{"start":{"line":16,"column":16},"end":{"line":16,"column":37}},"loc":{"start":{"line":16,"column":78},"end":{"line":31,"column":1}},"line":16}},"branchMap":{},"s":{"0":0,"1":0},"f":{"0":0},"b":{}}
,"D:\\W10\\Documents\\Cursos\\Ignite\\ReactNative\\gofinances\\src\\components\\HighLightCard\\index.tsx": {"path":"D:\\W10\\Documents\\Cursos\\Ignite\\ReactNative\\gofinances\\src\\components\\HighLightCard\\index.tsx","statementMap":{"0":{"start":{"line":11,"column":13},"end":{"line":15,"column":1}},"1":{"start":{"line":18,"column":4},"end":{"line":29,"column":5}}},"fnMap":{"0":{"name":"HighLightCard","decl":{"start":{"line":17,"column":16},"end":{"line":17,"column":29}},"loc":{"start":{"line":17,"column":71},"end":{"line":30,"column":1}},"line":17}},"branchMap":{},"s":{"0":0,"1":0},"f":{"0":0},"b":{}}
,"D:\\W10\\Documents\\Cursos\\Ignite\\ReactNative\\gofinances\\src\\components\\HistoryCard\\index.tsx": {"path":"D:\\W10\\Documents\\Cursos\\Ignite\\ReactNative\\gofinances\\src\\components\\HistoryCard\\index.tsx","statementMap":{"0":{"start":{"line":16,"column":2},"end":{"line":21,"column":4}}},"fnMap":{"0":{"name":"HistoryCard","decl":{"start":{"line":11,"column":16},"end":{"line":11,"column":27}},"loc":{"start":{"line":15,"column":9},"end":{"line":22,"column":1}},"line":15}},"branchMap":{},"s":{"0":0},"f":{"0":0},"b":{}}
,"D:\\W10\\Documents\\Cursos\\Ignite\\ReactNative\\gofinances\\src\\components\\SignInSocialButton\\index.tsx": {"path":"D:\\W10\\Documents\\Cursos\\Ignite\\ReactNative\\gofinances\\src\\components\\SignInSocialButton\\index.tsx","statementMap":{"0":{"start":{"line":12,"column":2},"end":{"line":21,"column":4}}},"fnMap":{"0":{"name":"SignInSocialButton","decl":{"start":{"line":11,"column":16},"end":{"line":11,"column":34}},"loc":{"start":{"line":11,"column":70},"end":{"line":22,"column":1}},"line":11}},"branchMap":{},"s":{"0":0},"f":{"0":0},"b":{}}
,"D:\\W10\\Documents\\Cursos\\Ignite\\ReactNative\\gofinances\\src\\components\\TransactionCard\\index.tsx": {"path":"D:\\W10\\Documents\\Cursos\\Ignite\\ReactNative\\gofinances\\src\\components\\TransactionCard\\index.tsx","statementMap":{"0":{"start":{"line":20,"column":21},"end":{"line":20,"column":75}},"1":{"start":{"line":20,"column":48},"end":{"line":20,"column":74}},"2":{"start":{"line":21,"column":2},"end":{"line":37,"column":4}}},"fnMap":{"0":{"name":"TransactionCard","decl":{"start":{"line":19,"column":16},"end":{"line":19,"column":31}},"loc":{"start":{"line":19,"column":46},"end":{"line":38,"column":1}},"line":19},"1":{"name":"(anonymous_1)","decl":{"start":{"line":20,"column":40},"end":{"line":20,"column":41}},"loc":{"start":{"line":20,"column":48},"end":{"line":20,"column":74}},"line":20}},"branchMap":{"0":{"loc":{"start":{"line":25,"column":9},"end":{"line":25,"column":41}},"type":"binary-expr","locations":[{"start":{"line":25,"column":9},"end":{"line":25,"column":33}},{"start":{"line":25,"column":37},"end":{"line":25,"column":41}}],"line":25}},"s":{"0":0,"1":0,"2":0},"f":{"0":0,"1":0},"b":{"0":[0,0]}}
,"D:\\W10\\Documents\\Cursos\\Ignite\\ReactNative\\gofinances\\src\\hooks\\auth.tsx": {"path":"D:\\W10\\Documents\\Cursos\\Ignite\\ReactNative\\gofinances\\src\\hooks\\auth.tsx","statementMap":{"0":{"start":{"line":26,"column":20},"end":{"line":26,"column":57}},"1":{"start":{"line":29,"column":28},"end":{"line":29,"column":54}},"2":{"start":{"line":30,"column":56},"end":{"line":30,"column":70}},"3":{"start":{"line":32,"column":27},"end":{"line":32,"column":44}},"4":{"start":{"line":35,"column":8},"end":{"line":57,"column":9}},"5":{"start":{"line":36,"column":27},"end":{"line":40,"column":14}},"6":{"start":{"line":42,"column":12},"end":{"line":52,"column":13}},"7":{"start":{"line":43,"column":35},"end":{"line":48,"column":17}},"8":{"start":{"line":49,"column":16},"end":{"line":49,"column":36}},"9":{"start":{"line":50,"column":16},"end":{"line":50,"column":85}},"10":{"start":{"line":56,"column":12},"end":{"line":56,"column":32}},"11":{"start":{"line":61,"column":8},"end":{"line":83,"column":9}},"12":{"start":{"line":62,"column":32},"end":{"line":67,"column":14}},"13":{"start":{"line":69,"column":12},"end":{"line":80,"column":13}},"14":{"start":{"line":70,"column":29},"end":{"line":70,"column":61}},"15":{"start":{"line":71,"column":30},"end":{"line":71,"column":81}},"16":{"start":{"line":72,"column":35},"end":{"line":77,"column":17}},"17":{"start":{"line":78,"column":16},"end":{"line":78,"column":36}},"18":{"start":{"line":79,"column":16},"end":{"line":79,"column":85}},"19":{"start":{"line":82,"column":12},"end":{"line":82,"column":34}},"20":{"start":{"line":87,"column":8},"end":{"line":87,"column":27}},"21":{"start":{"line":88,"column":8},"end":{"line":88,"column":53}},"22":{"start":{"line":91,"column":4},"end":{"line":103,"column":9}},"23":{"start":{"line":93,"column":33},"end":{"line":93,"column":75}},"24":{"start":{"line":95,"column":12},"end":{"line":98,"column":13}},"25":{"start":{"line":96,"column":35},"end":{"line":96,"column":67}},"26":{"start":{"line":97,"column":16},"end":{"line":97,"column":35}},"27":{"start":{"line":99,"column":12},"end":{"line":99,"column":40}},"28":{"start":{"line":102,"column":8},"end":{"line":102,"column":25}},"29":{"start":{"line":105,"column":4},"end":{"line":115,"column":5}},"30":{"start":{"line":119,"column":20},"end":{"line":119,"column":43}},"31":{"start":{"line":120,"column":4},"end":{"line":120,"column":18}}},"fnMap":{"0":{"name":"AuthProvider","decl":{"start":{"line":28,"column":9},"end":{"line":28,"column":21}},"loc":{"start":{"line":28,"column":52},"end":{"line":116,"column":1}},"line":28},"1":{"name":"signInWithGoogle","decl":{"start":{"line":34,"column":19},"end":{"line":34,"column":35}},"loc":{"start":{"line":34,"column":37},"end":{"line":58,"column":5}},"line":34},"2":{"name":"signInWithApple","decl":{"start":{"line":60,"column":19},"end":{"line":60,"column":34}},"loc":{"start":{"line":60,"column":36},"end":{"line":84,"column":5}},"line":60},"3":{"name":"signOut","decl":{"start":{"line":86,"column":19},"end":{"line":86,"column":26}},"loc":{"start":{"line":86,"column":28},"end":{"line":89,"column":5}},"line":86},"4":{"name":"(anonymous_4)","decl":{"start":{"line":91,"column":14},"end":{"line":91,"column":15}},"loc":{"start":{"line":91,"column":19},"end":{"line":103,"column":5}},"line":91},"5":{"name":"loadStorageData","decl":{"start":{"line":92,"column":23},"end":{"line":92,"column":38}},"loc":{"start":{"line":92,"column":40},"end":{"line":100,"column":9}},"line":92},"6":{"name":"useAuth","decl":{"start":{"line":118,"column":9},"end":{"line":118,"column":16}},"loc":{"start":{"line":118,"column":18},"end":{"line":121,"column":1}},"line":118}},"branchMap":{"0":{"loc":{"start":{"line":42,"column":12},"end":{"line":52,"column":13}},"type":"if","locations":[{"start":{"line":42,"column":12},"end":{"line":52,"column":13}},{"start":{"line":42,"column":12},"end":{"line":52,"column":13}}],"line":42},"1":{"loc":{"start":{"line":69,"column":12},"end":{"line":80,"column":13}},"type":"if","locations":[{"start":{"line":69,"column":12},"end":{"line":80,"column":13}},{"start":{"line":69,"column":12},"end":{"line":80,"column":13}}],"line":69},"2":{"loc":{"start":{"line":95,"column":12},"end":{"line":98,"column":13}},"type":"if","locations":[{"start":{"line":95,"column":12},"end":{"line":98,"column":13}},{"start":{"line":95,"column":12},"end":{"line":98,"column":13}}],"line":95}},"s":{"0":1,"1":5,"2":5,"3":5,"4":2,"5":2,"6":2,"7":1,"8":1,"9":1,"10":0,"11":0,"12":0,"13":0,"14":0,"15":0,"16":0,"17":0,"18":0,"19":0,"20":0,"21":0,"22":5,"23":2,"24":2,"25":0,"26":0,"27":2,"28":2,"29":5,"30":5,"31":5},"f":{"0":5,"1":2,"2":0,"3":0,"4":2,"5":2,"6":5},"b":{"0":[1,1],"1":[0,0],"2":[0,2]},"_coverageSchema":"1a1c01bbd47fc00a2c39e90264f33305004495a9","hash":"5434d7b820b49412ace863255f4249e14d513872"}
,"D:\\W10\\Documents\\Cursos\\Ignite\\ReactNative\\gofinances\\src\\routes\\app.routes.tsx": {"path":"D:\\W10\\Documents\\Cursos\\Ignite\\ReactNative\\gofinances\\src\\routes\\app.routes.tsx","statementMap":{"0":{"start":{"line":6,"column":27},"end":{"line":6,"column":53}},"1":{"start":{"line":13,"column":18},"end":{"line":13,"column":28}},"2":{"start":{"line":14,"column":4},"end":{"line":66,"column":5}},"3":{"start":{"line":31,"column":24},"end":{"line":35,"column":26}},"4":{"start":{"line":44,"column":24},"end":{"line":48,"column":26}},"5":{"start":{"line":57,"column":24},"end":{"line":61,"column":26}}},"fnMap":{"0":{"name":"AppRoutes","decl":{"start":{"line":12,"column":16},"end":{"line":12,"column":25}},"loc":{"start":{"line":12,"column":27},"end":{"line":67,"column":1}},"line":12},"1":{"name":"(anonymous_1)","decl":{"start":{"line":30,"column":33},"end":{"line":30,"column":34}},"loc":{"start":{"line":31,"column":24},"end":{"line":35,"column":26}},"line":31},"2":{"name":"(anonymous_2)","decl":{"start":{"line":43,"column":33},"end":{"line":43,"column":34}},"loc":{"start":{"line":44,"column":24},"end":{"line":48,"column":26}},"line":44},"3":{"name":"(anonymous_3)","decl":{"start":{"line":56,"column":33},"end":{"line":56,"column":34}},"loc":{"start":{"line":57,"column":24},"end":{"line":61,"column":26}},"line":57}},"branchMap":{"0":{"loc":{"start":{"line":21,"column":37},"end":{"line":21,"column":67}},"type":"cond-expr","locations":[{"start":{"line":21,"column":61},"end":{"line":21,"column":63}},{"start":{"line":21,"column":66},"end":{"line":21,"column":67}}],"line":21}},"s":{"0":0,"1":0,"2":0,"3":0,"4":0,"5":0},"f":{"0":0,"1":0,"2":0,"3":0},"b":{"0":[0,0]}}
,"D:\\W10\\Documents\\Cursos\\Ignite\\ReactNative\\gofinances\\src\\routes\\auth.routes.tsx": {"path":"D:\\W10\\Documents\\Cursos\\Ignite\\ReactNative\\gofinances\\src\\routes\\auth.routes.tsx","statementMap":{"0":{"start":{"line":6,"column":27},"end":{"line":6,"column":49}},"1":{"start":{"line":9,"column":4},"end":{"line":13,"column":5}}},"fnMap":{"0":{"name":"AuthRoutes","decl":{"start":{"line":8,"column":16},"end":{"line":8,"column":26}},"loc":{"start":{"line":8,"column":28},"end":{"line":14,"column":1}},"line":8}},"branchMap":{},"s":{"0":0,"1":0},"f":{"0":0},"b":{}}
,"D:\\W10\\Documents\\Cursos\\Ignite\\ReactNative\\gofinances\\src\\routes\\index.tsx": {"path":"D:\\W10\\Documents\\Cursos\\Ignite\\ReactNative\\gofinances\\src\\routes\\index.tsx","statementMap":{"0":{"start":{"line":8,"column":19},"end":{"line":8,"column":28}},"1":{"start":{"line":9,"column":4},"end":{"line":13,"column":5}}},"fnMap":{"0":{"name":"Routes","decl":{"start":{"line":7,"column":16},"end":{"line":7,"column":22}},"loc":{"start":{"line":7,"column":24},"end":{"line":14,"column":1}},"line":7}},"branchMap":{"0":{"loc":{"start":{"line":11,"column":13},"end":{"line":11,"column":51}},"type":"cond-expr","locations":[{"start":{"line":11,"column":23},"end":{"line":11,"column":35}},{"start":{"line":11,"column":38},"end":{"line":11,"column":51}}],"line":11}},"s":{"0":0,"1":0},"f":{"0":0},"b":{"0":[0,0]}}
,"D:\\W10\\Documents\\Cursos\\Ignite\\ReactNative\\gofinances\\src\\screens\\CategorySelect\\index.tsx": {"path":"D:\\W10\\Documents\\Cursos\\Ignite\\ReactNative\\gofinances\\src\\screens\\CategorySelect\\index.tsx","statementMap":{"0":{"start":{"line":22,"column":4},"end":{"line":22,"column":25}},"1":{"start":{"line":25,"column":2},"end":{"line":54,"column":4}},"2":{"start":{"line":34,"column":30},"end":{"line":34,"column":38}},"3":{"start":{"line":36,"column":10},"end":{"line":42,"column":21}},"4":{"start":{"line":37,"column":25},"end":{"line":37,"column":51}},"5":{"start":{"line":44,"column":37},"end":{"line":44,"column":49}}},"fnMap":{"0":{"name":"CategorySelect","decl":{"start":{"line":19,"column":16},"end":{"line":19,"column":30}},"loc":{"start":{"line":19,"column":82},"end":{"line":55,"column":1}},"line":19},"1":{"name":"handleCategorySelect","decl":{"start":{"line":21,"column":11},"end":{"line":21,"column":31}},"loc":{"start":{"line":21,"column":51},"end":{"line":23,"column":3}},"line":21},"2":{"name":"(anonymous_2)","decl":{"start":{"line":34,"column":22},"end":{"line":34,"column":23}},"loc":{"start":{"line":34,"column":30},"end":{"line":34,"column":38}},"line":34},"3":{"name":"(anonymous_3)","decl":{"start":{"line":35,"column":20},"end":{"line":35,"column":21}},"loc":{"start":{"line":36,"column":10},"end":{"line":42,"column":21}},"line":36},"4":{"name":"(anonymous_4)","decl":{"start":{"line":37,"column":21},"end":{"line":37,"column":22}},"loc":{"start":{"line":37,"column":25},"end":{"line":37,"column":51}},"line":37},"5":{"name":"(anonymous_5)","decl":{"start":{"line":44,"column":32},"end":{"line":44,"column":33}},"loc":{"start":{"line":44,"column":37},"end":{"line":44,"column":49}},"line":44}},"branchMap":{},"s":{"0":0,"1":0,"2":0,"3":0,"4":0,"5":0},"f":{"0":0,"1":0,"2":0,"3":0,"4":0,"5":0},"b":{}}
,"D:\\W10\\Documents\\Cursos\\Ignite\\ReactNative\\gofinances\\src\\screens\\Dashboard\\index.tsx": {"path":"D:\\W10\\Documents\\Cursos\\Ignite\\ReactNative\\gofinances\\src\\screens\\Dashboard\\index.tsx","statementMap":{"0":{"start":{"line":43,"column":37},"end":{"line":43,"column":51}},"1":{"start":{"line":44,"column":43},"end":{"line":44,"column":72}},"2":{"start":{"line":45,"column":45},"end":{"line":45,"column":89}},"3":{"start":{"line":47,"column":18},"end":{"line":47,"column":28}},"4":{"start":{"line":48,"column":27},"end":{"line":48,"column":36}},"5":{"start":{"line":54,"column":35},"end":{"line":54,"column":96}},"6":{"start":{"line":54,"column":70},"end":{"line":54,"column":95}},"7":{"start":{"line":56,"column":8},"end":{"line":58,"column":9}},"8":{"start":{"line":57,"column":12},"end":{"line":57,"column":20}},"9":{"start":{"line":60,"column":31},"end":{"line":62,"column":71}},"10":{"start":{"line":61,"column":35},"end":{"line":61,"column":53}},"11":{"start":{"line":62,"column":32},"end":{"line":62,"column":68}},"12":{"start":{"line":64,"column":8},"end":{"line":64,"column":105}},"13":{"start":{"line":69,"column":23},"end":{"line":69,"column":64}},"14":{"start":{"line":70,"column":25},"end":{"line":70,"column":60}},"15":{"start":{"line":72,"column":29},"end":{"line":72,"column":65}},"16":{"start":{"line":74,"column":27},"end":{"line":74,"column":28}},"17":{"start":{"line":75,"column":29},"end":{"line":75,"column":30}},"18":{"start":{"line":77,"column":55},"end":{"line":102,"column":10}},"19":{"start":{"line":79,"column":12},"end":{"line":83,"column":13}},"20":{"start":{"line":80,"column":16},"end":{"line":80,"column":51}},"21":{"start":{"line":82,"column":16},"end":{"line":82,"column":53}},"22":{"start":{"line":85,"column":27},"end":{"line":88,"column":14}},"23":{"start":{"line":89,"column":25},"end":{"line":93,"column":43}},"24":{"start":{"line":94,"column":12},"end":{"line":101,"column":13}},"25":{"start":{"line":104,"column":8},"end":{"line":104,"column":46}},"26":{"start":{"line":106,"column":38},"end":{"line":106,"column":87}},"27":{"start":{"line":108,"column":41},"end":{"line":108,"column":90}},"28":{"start":{"line":109,"column":30},"end":{"line":109,"column":120}},"29":{"start":{"line":110,"column":22},"end":{"line":110,"column":51}},"30":{"start":{"line":112,"column":8},"end":{"line":134,"column":10}},"31":{"start":{"line":136,"column":8},"end":{"line":136,"column":27}},"32":{"start":{"line":139,"column":4},"end":{"line":141,"column":9}},"33":{"start":{"line":140,"column":8},"end":{"line":140,"column":26}},"34":{"start":{"line":143,"column":4},"end":{"line":145,"column":10}},"35":{"start":{"line":144,"column":8},"end":{"line":144,"column":26}},"36":{"start":{"line":146,"column":4},"end":{"line":205,"column":5}},"37":{"start":{"line":196,"column":42},"end":{"line":196,"column":49}},"38":{"start":{"line":197,"column":44},"end":{"line":197,"column":74}}},"fnMap":{"0":{"name":"Dashboard","decl":{"start":{"line":42,"column":16},"end":{"line":42,"column":25}},"loc":{"start":{"line":42,"column":27},"end":{"line":206,"column":1}},"line":42},"1":{"name":"getLastTransactionDate","decl":{"start":{"line":50,"column":13},"end":{"line":50,"column":35}},"loc":{"start":{"line":53,"column":5},"end":{"line":65,"column":5}},"line":53},"2":{"name":"(anonymous_2)","decl":{"start":{"line":54,"column":54},"end":{"line":54,"column":55}},"loc":{"start":{"line":54,"column":70},"end":{"line":54,"column":95}},"line":54},"3":{"name":"(anonymous_3)","decl":{"start":{"line":61,"column":20},"end":{"line":61,"column":21}},"loc":{"start":{"line":61,"column":35},"end":{"line":61,"column":53}},"line":61},"4":{"name":"(anonymous_4)","decl":{"start":{"line":62,"column":17},"end":{"line":62,"column":18}},"loc":{"start":{"line":62,"column":32},"end":{"line":62,"column":68}},"line":62},"5":{"name":"loadTransactions","decl":{"start":{"line":67,"column":19},"end":{"line":67,"column":35}},"loc":{"start":{"line":67,"column":37},"end":{"line":137,"column":5}},"line":67},"6":{"name":"(anonymous_6)","decl":{"start":{"line":77,"column":73},"end":{"line":77,"column":74}},"loc":{"start":{"line":77,"column":97},"end":{"line":102,"column":9}},"line":77},"7":{"name":"(anonymous_7)","decl":{"start":{"line":139,"column":14},"end":{"line":139,"column":15}},"loc":{"start":{"line":139,"column":18},"end":{"line":141,"column":5}},"line":139},"8":{"name":"(anonymous_8)","decl":{"start":{"line":143,"column":31},"end":{"line":143,"column":32}},"loc":{"start":{"line":143,"column":37},"end":{"line":145,"column":5}},"line":143},"9":{"name":"(anonymous_9)","decl":{"start":{"line":196,"column":34},"end":{"line":196,"column":35}},"loc":{"start":{"line":196,"column":42},"end":{"line":196,"column":49}},"line":196},"10":{"name":"(anonymous_10)","decl":{"start":{"line":197,"column":32},"end":{"line":197,"column":33}},"loc":{"start":{"line":197,"column":44},"end":{"line":197,"column":74}},"line":197}},"branchMap":{"0":{"loc":{"start":{"line":56,"column":8},"end":{"line":58,"column":9}},"type":"if","locations":[{"start":{"line":56,"column":8},"end":{"line":58,"column":9}},{"start":{"line":56,"column":8},"end":{"line":58,"column":9}}],"line":56},"1":{"loc":{"start":{"line":72,"column":29},"end":{"line":72,"column":65}},"type":"cond-expr","locations":[{"start":{"line":72,"column":40},"end":{"line":72,"column":60}},{"start":{"line":72,"column":63},"end":{"line":72,"column":65}}],"line":72},"2":{"loc":{"start":{"line":79,"column":12},"end":{"line":83,"column":13}},"type":"if","locations":[{"start":{"line":79,"column":12},"end":{"line":83,"column":13}},{"start":{"line":79,"column":12},"end":{"line":83,"column":13}}],"line":79},"3":{"loc":{"start":{"line":109,"column":30},"end":{"line":109,"column":120}},"type":"cond-expr","locations":[{"start":{"line":109,"column":63},"end":{"line":109,"column":82}},{"start":{"line":109,"column":85},"end":{"line":109,"column":120}}],"line":109},"4":{"loc":{"start":{"line":118,"column":32},"end":{"line":118,"column":129}},"type":"cond-expr","locations":[{"start":{"line":118,"column":62},"end":{"line":118,"column":81}},{"start":{"line":118,"column":84},"end":{"line":118,"column":129}}],"line":118},"5":{"loc":{"start":{"line":125,"column":32},"end":{"line":125,"column":133}},"type":"cond-expr","locations":[{"start":{"line":125,"column":65},"end":{"line":125,"column":84}},{"start":{"line":125,"column":87},"end":{"line":125,"column":133}}],"line":125},"6":{"loc":{"start":{"line":149,"column":12},"end":{"line":203,"column":15}},"type":"cond-expr","locations":[{"start":{"line":149,"column":24},"end":{"line":154,"column":32}},{"start":{"line":155,"column":12},"end":{"line":203,"column":15}}],"line":149}},"s":{"0":0,"1":0,"2":0,"3":0,"4":0,"5":0,"6":0,"7":0,"8":0,"9":0,"10":0,"11":0,"12":0,"13":0,"14":0,"15":0,"16":0,"17":0,"18":0,"19":0,"20":0,"21":0,"22":0,"23":0,"24":0,"25":0,"26":0,"27":0,"28":0,"29":0,"30":0,"31":0,"32":0,"33":0,"34":0,"35":0,"36":0,"37":0,"38":0},"f":{"0":0,"1":0,"2":0,"3":0,"4":0,"5":0,"6":0,"7":0,"8":0,"9":0,"10":0},"b":{"0":[0,0],"1":[0,0],"2":[0,0],"3":[0,0],"4":[0,0],"5":[0,0],"6":[0,0]}}
,"D:\\W10\\Documents\\Cursos\\Ignite\\ReactNative\\gofinances\\src\\screens\\Profile\\index.tsx": {"path":"D:\\W10\\Documents\\Cursos\\Ignite\\ReactNative\\gofinances\\src\\screens\\Profile\\index.tsx","statementMap":{"0":{"start":{"line":5,"column":4},"end":{"line":24,"column":5}}},"fnMap":{"0":{"name":"Profile","decl":{"start":{"line":4,"column":16},"end":{"line":4,"column":23}},"loc":{"start":{"line":4,"column":25},"end":{"line":25,"column":1}},"line":4},"1":{"name":"(anonymous_1)","decl":{"start":{"line":22,"column":44},"end":{"line":22,"column":45}},"loc":{"start":{"line":22,"column":48},"end":{"line":22,"column":50}},"line":22}},"branchMap":{},"s":{"0":3},"f":{"0":3,"1":0},"b":{},"_coverageSchema":"1a1c01bbd47fc00a2c39e90264f33305004495a9","hash":"a1609350b1b0a56ddbc3f90bffe86ac45481d901"}
,"D:\\W10\\Documents\\Cursos\\Ignite\\ReactNative\\gofinances\\src\\screens\\Register\\index.tsx": {"path":"D:\\W10\\Documents\\Cursos\\Ignite\\ReactNative\\gofinances\\src\\screens\\Register\\index.tsx","statementMap":{"0":{"start":{"line":25,"column":15},"end":{"line":34,"column":2}},"1":{"start":{"line":37,"column":48},"end":{"line":37,"column":60}},"2":{"start":{"line":38,"column":52},"end":{"line":38,"column":67}},"3":{"start":{"line":39,"column":34},"end":{"line":42,"column":4}},"4":{"start":{"line":43,"column":17},"end":{"line":43,"column":26}},"5":{"start":{"line":45,"column":21},"end":{"line":45,"column":36}},"6":{"start":{"line":51,"column":20},"end":{"line":53,"column":6}},"7":{"start":{"line":57,"column":4},"end":{"line":57,"column":28}},"8":{"start":{"line":61,"column":4},"end":{"line":61,"column":31}},"9":{"start":{"line":65,"column":4},"end":{"line":65,"column":30}},"10":{"start":{"line":69,"column":4},"end":{"line":71,"column":5}},"11":{"start":{"line":70,"column":6},"end":{"line":70,"column":57}},"12":{"start":{"line":73,"column":4},"end":{"line":75,"column":5}},"13":{"start":{"line":74,"column":6},"end":{"line":74,"column":49}},"14":{"start":{"line":77,"column":27},"end":{"line":84,"column":5}},"15":{"start":{"line":86,"column":4},"end":{"line":109,"column":5}},"16":{"start":{"line":87,"column":21},"end":{"line":87,"column":62}},"17":{"start":{"line":88,"column":19},"end":{"line":88,"column":54}},"18":{"start":{"line":89,"column":26},"end":{"line":89,"column":54}},"19":{"start":{"line":91,"column":28},"end":{"line":94,"column":7}},"20":{"start":{"line":96,"column":6},"end":{"line":96,"column":72}},"21":{"start":{"line":98,"column":6},"end":{"line":98,"column":13}},"22":{"start":{"line":99,"column":6},"end":{"line":99,"column":28}},"23":{"start":{"line":100,"column":6},"end":{"line":103,"column":8}},"24":{"start":{"line":105,"column":6},"end":{"line":105,"column":37}},"25":{"start":{"line":107,"column":6},"end":{"line":107,"column":24}},"26":{"start":{"line":108,"column":6},"end":{"line":108,"column":44}},"27":{"start":{"line":112,"column":2},"end":{"line":174,"column":4}},"28":{"start":{"line":143,"column":29},"end":{"line":143,"column":68}},"29":{"start":{"line":149,"column":29},"end":{"line":149,"column":68}}},"fnMap":{"0":{"name":"Register","decl":{"start":{"line":36,"column":16},"end":{"line":36,"column":24}},"loc":{"start":{"line":36,"column":27},"end":{"line":175,"column":1}},"line":36},"1":{"name":"handleTransactionTypeSelect","decl":{"start":{"line":56,"column":11},"end":{"line":56,"column":38}},"loc":{"start":{"line":56,"column":69},"end":{"line":58,"column":3}},"line":56},"2":{"name":"handleCloseSelectCategoryModal","decl":{"start":{"line":60,"column":11},"end":{"line":60,"column":41}},"loc":{"start":{"line":60,"column":43},"end":{"line":62,"column":3}},"line":60},"3":{"name":"handleOpenSelectCategoryModal","decl":{"start":{"line":64,"column":11},"end":{"line":64,"column":40}},"loc":{"start":{"line":64,"column":42},"end":{"line":66,"column":3}},"line":64},"4":{"name":"handleRegister","decl":{"start":{"line":68,"column":17},"end":{"line":68,"column":31}},"loc":{"start":{"line":68,"column":47},"end":{"line":110,"column":3}},"line":68},"5":{"name":"(anonymous_5)","decl":{"start":{"line":143,"column":23},"end":{"line":143,"column":24}},"loc":{"start":{"line":143,"column":29},"end":{"line":143,"column":68}},"line":143},"6":{"name":"(anonymous_6)","decl":{"start":{"line":149,"column":23},"end":{"line":149,"column":24}},"loc":{"start":{"line":149,"column":29},"end":{"line":149,"column":68}},"line":149}},"branchMap":{"0":{"loc":{"start":{"line":69,"column":4},"end":{"line":71,"column":5}},"type":"if","locations":[{"start":{"line":69,"column":4},"end":{"line":71,"column":5}},{"start":{"line":69,"column":4},"end":{"line":71,"column":5}}],"line":69},"1":{"loc":{"start":{"line":73,"column":4},"end":{"line":75,"column":5}},"type":"if","locations":[{"start":{"line":73,"column":4},"end":{"line":75,"column":5}},{"start":{"line":73,"column":4},"end":{"line":75,"column":5}}],"line":73},"2":{"loc":{"start":{"line":89,"column":26},"end":{"line":89,"column":54}},"type":"cond-expr","locations":[{"start":{"line":89,"column":33},"end":{"line":89,"column":49}},{"start":{"line":89,"column":52},"end":{"line":89,"column":54}}],"line":89},"3":{"loc":{"start":{"line":128,"column":19},"end":{"line":128,"column":53}},"type":"binary-expr","locations":[{"start":{"line":128,"column":19},"end":{"line":128,"column":30}},{"start":{"line":128,"column":34},"end":{"line":128,"column":53}}],"line":128},"4":{"loc":{"start":{"line":136,"column":19},"end":{"line":136,"column":57}},"type":"binary-expr","locations":[{"start":{"line":136,"column":19},"end":{"line":136,"column":32}},{"start":{"line":136,"column":36},"end":{"line":136,"column":57}}],"line":136}},"s":{"0":0,"1":0,"2":0,"3":0,"4":0,"5":0,"6":0,"7":0,"8":0,"9":0,"10":0,"11":0,"12":0,"13":0,"14":0,"15":0,"16":0,"17":0,"18":0,"19":0,"20":0,"21":0,"22":0,"23":0,"24":0,"25":0,"26":0,"27":0,"28":0,"29":0},"f":{"0":0,"1":0,"2":0,"3":0,"4":0,"5":0,"6":0},"b":{"0":[0,0],"1":[0,0],"2":[0,0],"3":[0,0],"4":[0,0]}}
,"D:\\W10\\Documents\\Cursos\\Ignite\\ReactNative\\gofinances\\src\\screens\\Resume\\index.tsx": {"path":"D:\\W10\\Documents\\Cursos\\Ignite\\ReactNative\\gofinances\\src\\screens\\Resume\\index.tsx","statementMap":{"0":{"start":{"line":35,"column":36},"end":{"line":35,"column":51}},"1":{"start":{"line":36,"column":41},"end":{"line":36,"column":61}},"2":{"start":{"line":37,"column":52},"end":{"line":37,"column":80}},"3":{"start":{"line":39,"column":16},"end":{"line":39,"column":26}},"4":{"start":{"line":40,"column":17},"end":{"line":40,"column":26}},"5":{"start":{"line":43,"column":4},"end":{"line":47,"column":5}},"6":{"start":{"line":44,"column":6},"end":{"line":44,"column":49}},"7":{"start":{"line":46,"column":6},"end":{"line":46,"column":49}},"8":{"start":{"line":51,"column":4},"end":{"line":51,"column":22}},"9":{"start":{"line":52,"column":4},"end":{"line":106,"column":5}},"10":{"start":{"line":53,"column":22},"end":{"line":53,"column":63}},"11":{"start":{"line":54,"column":23},"end":{"line":54,"column":58}},"12":{"start":{"line":55,"column":32},"end":{"line":55,"column":68}},"13":{"start":{"line":57,"column":25},"end":{"line":61,"column":7}},"14":{"start":{"line":58,"column":8},"end":{"line":59,"column":144}},"15":{"start":{"line":65,"column":30},"end":{"line":67,"column":10}},"16":{"start":{"line":66,"column":8},"end":{"line":66,"column":53}},"17":{"start":{"line":70,"column":46},"end":{"line":70,"column":48}},"18":{"start":{"line":72,"column":6},"end":{"line":101,"column":8}},"19":{"start":{"line":73,"column":26},"end":{"line":73,"column":27}},"20":{"start":{"line":75,"column":8},"end":{"line":79,"column":10}},"21":{"start":{"line":76,"column":10},"end":{"line":78,"column":11}},"22":{"start":{"line":77,"column":12},"end":{"line":77,"column":51}},"23":{"start":{"line":81,"column":8},"end":{"line":99,"column":9}},"24":{"start":{"line":82,"column":33},"end":{"line":85,"column":12}},"25":{"start":{"line":87,"column":26},"end":{"line":87,"column":69}},"26":{"start":{"line":88,"column":35},"end":{"line":88,"column":59}},"27":{"start":{"line":90,"column":10},"end":{"line":98,"column":12}},"28":{"start":{"line":102,"column":6},"end":{"line":102,"column":43}},"29":{"start":{"line":103,"column":6},"end":{"line":103,"column":25}},"30":{"start":{"line":105,"column":6},"end":{"line":105,"column":22}},"31":{"start":{"line":109,"column":2},"end":{"line":111,"column":18}},"32":{"start":{"line":110,"column":4},"end":{"line":110,"column":14}},"33":{"start":{"line":113,"column":2},"end":{"line":172,"column":4}},"34":{"start":{"line":134,"column":42},"end":{"line":134,"column":66}},"35":{"start":{"line":140,"column":42},"end":{"line":140,"column":66}},"36":{"start":{"line":148,"column":59},"end":{"line":148,"column":73}},"37":{"start":{"line":162,"column":10},"end":{"line":167,"column":12}}},"fnMap":{"0":{"name":"Resume","decl":{"start":{"line":34,"column":16},"end":{"line":34,"column":22}},"loc":{"start":{"line":34,"column":25},"end":{"line":173,"column":1}},"line":34},"1":{"name":"handleDateChange","decl":{"start":{"line":42,"column":11},"end":{"line":42,"column":27}},"loc":{"start":{"line":42,"column":52},"end":{"line":48,"column":3}},"line":42},"2":{"name":"loadData","decl":{"start":{"line":50,"column":17},"end":{"line":50,"column":25}},"loc":{"start":{"line":50,"column":27},"end":{"line":107,"column":3}},"line":50},"3":{"name":"(anonymous_3)","decl":{"start":{"line":57,"column":50},"end":{"line":57,"column":51}},"loc":{"start":{"line":58,"column":8},"end":{"line":59,"column":144}},"line":58},"4":{"name":"(anonymous_4)","decl":{"start":{"line":65,"column":48},"end":{"line":65,"column":49}},"loc":{"start":{"line":65,"column":100},"end":{"line":67,"column":7}},"line":65},"5":{"name":"(anonymous_5)","decl":{"start":{"line":72,"column":26},"end":{"line":72,"column":27}},"loc":{"start":{"line":72,"column":38},"end":{"line":101,"column":7}},"line":72},"6":{"name":"(anonymous_6)","decl":{"start":{"line":75,"column":27},"end":{"line":75,"column":28}},"loc":{"start":{"line":75,"column":58},"end":{"line":79,"column":9}},"line":75},"7":{"name":"(anonymous_7)","decl":{"start":{"line":109,"column":29},"end":{"line":109,"column":30}},"loc":{"start":{"line":109,"column":35},"end":{"line":111,"column":1}},"line":109},"8":{"name":"(anonymous_8)","decl":{"start":{"line":134,"column":38},"end":{"line":134,"column":39}},"loc":{"start":{"line":134,"column":42},"end":{"line":134,"column":66}},"line":134},"9":{"name":"(anonymous_9)","decl":{"start":{"line":140,"column":38},"end":{"line":140,"column":39}},"loc":{"start":{"line":140,"column":42},"end":{"line":140,"column":66}},"line":140},"10":{"name":"(anonymous_10)","decl":{"start":{"line":148,"column":47},"end":{"line":148,"column":48}},"loc":{"start":{"line":148,"column":59},"end":{"line":148,"column":73}},"line":148},"11":{"name":"(anonymous_11)","decl":{"start":{"line":161,"column":32},"end":{"line":161,"column":33}},"loc":{"start":{"line":162,"column":10},"end":{"line":167,"column":12}},"line":162}},"branchMap":{"0":{"loc":{"start":{"line":43,"column":4},"end":{"line":47,"column":5}},"type":"if","locations":[{"start":{"line":43,"column":4},"end":{"line":47,"column":5}},{"start":{"line":43,"column":4},"end":{"line":47,"column":5}}],"line":43},"1":{"loc":{"start":{"line":55,"column":32},"end":{"line":55,"column":68}},"type":"cond-expr","locations":[{"start":{"line":55,"column":43},"end":{"line":55,"column":63}},{"start":{"line":55,"column":66},"end":{"line":55,"column":68}}],"line":55},"2":{"loc":{"start":{"line":58,"column":8},"end":{"line":59,"column":144}},"type":"binary-expr","locations":[{"start":{"line":58,"column":8},"end":{"line":58,"column":37}},{"start":{"line":59,"column":8},"end":{"line":59,"column":71}},{"start":{"line":59,"column":75},"end":{"line":59,"column":144}}],"line":58},"3":{"loc":{"start":{"line":76,"column":10},"end":{"line":78,"column":11}},"type":"if","locations":[{"start":{"line":76,"column":10},"end":{"line":78,"column":11}},{"start":{"line":76,"column":10},"end":{"line":78,"column":11}}],"line":76},"4":{"loc":{"start":{"line":81,"column":8},"end":{"line":99,"column":9}},"type":"if","locations":[{"start":{"line":81,"column":8},"end":{"line":99,"column":9}},{"start":{"line":81,"column":8},"end":{"line":99,"column":9}}],"line":81},"5":{"loc":{"start":{"line":119,"column":7},"end":{"line":169,"column":16}},"type":"cond-expr","locations":[{"start":{"line":120,"column":6},"end":{"line":125,"column":22}},{"start":{"line":126,"column":6},"end":{"line":169,"column":16}}],"line":119}},"s":{"0":0,"1":0,"2":0,"3":0,"4":0,"5":0,"6":0,"7":0,"8":0,"9":0,"10":0,"11":0,"12":0,"13":0,"14":0,"15":0,"16":0,"17":0,"18":0,"19":0,"20":0,"21":0,"22":0,"23":0,"24":0,"25":0,"26":0,"27":0,"28":0,"29":0,"30":0,"31":0,"32":0,"33":0,"34":0,"35":0,"36":0,"37":0},"f":{"0":0,"1":0,"2":0,"3":0,"4":0,"5":0,"6":0,"7":0,"8":0,"9":0,"10":0,"11":0},"b":{"0":[0,0],"1":[0,0],"2":[0,0,0],"3":[0,0],"4":[0,0],"5":[0,0]}}
,"D:\\W10\\Documents\\Cursos\\Ignite\\ReactNative\\gofinances\\src\\screens\\SignIn\\index.tsx": {"path":"D:\\W10\\Documents\\Cursos\\Ignite\\ReactNative\\gofinances\\src\\screens\\SignIn\\index.tsx","statementMap":{"0":{"start":{"line":14,"column":36},"end":{"line":14,"column":51}},"1":{"start":{"line":15,"column":45},"end":{"line":15,"column":54}},"2":{"start":{"line":16,"column":16},"end":{"line":16,"column":26}},"3":{"start":{"line":19,"column":4},"end":{"line":26,"column":5}},"4":{"start":{"line":20,"column":6},"end":{"line":20,"column":24}},"5":{"start":{"line":21,"column":6},"end":{"line":21,"column":37}},"6":{"start":{"line":23,"column":6},"end":{"line":23,"column":24}},"7":{"start":{"line":24,"column":6},"end":{"line":24,"column":61}},"8":{"start":{"line":25,"column":6},"end":{"line":25,"column":25}},"9":{"start":{"line":30,"column":4},"end":{"line":37,"column":5}},"10":{"start":{"line":31,"column":6},"end":{"line":31,"column":24}},"11":{"start":{"line":32,"column":6},"end":{"line":32,"column":36}},"12":{"start":{"line":34,"column":6},"end":{"line":34,"column":24}},"13":{"start":{"line":35,"column":6},"end":{"line":35,"column":60}},"14":{"start":{"line":36,"column":6},"end":{"line":36,"column":25}},"15":{"start":{"line":41,"column":2},"end":{"line":80,"column":4}}},"fnMap":{"0":{"name":"SignIn","decl":{"start":{"line":13,"column":16},"end":{"line":13,"column":22}},"loc":{"start":{"line":13,"column":25},"end":{"line":81,"column":1}},"line":13},"1":{"name":"handleSignInWithGoogle","decl":{"start":{"line":18,"column":17},"end":{"line":18,"column":39}},"loc":{"start":{"line":18,"column":41},"end":{"line":27,"column":3}},"line":18},"2":{"name":"handleSignInWithApple","decl":{"start":{"line":29,"column":17},"end":{"line":29,"column":38}},"loc":{"start":{"line":29,"column":40},"end":{"line":39,"column":3}},"line":29}},"branchMap":{"0":{"loc":{"start":{"line":70,"column":11},"end":{"line":74,"column":12}},"type":"binary-expr","locations":[{"start":{"line":70,"column":11},"end":{"line":70,"column":32}},{"start":{"line":70,"column":36},"end":{"line":74,"column":12}}],"line":70},"1":{"loc":{"start":{"line":77,"column":10},"end":{"line":77,"column":94}},"type":"binary-expr","locations":[{"start":{"line":77,"column":10},"end":{"line":77,"column":19}},{"start":{"line":77,"column":23},"end":{"line":77,"column":94}}],"line":77}},"s":{"0":0,"1":0,"2":0,"3":0,"4":0,"5":0,"6":0,"7":0,"8":0,"9":0,"10":0,"11":0,"12":0,"13":0,"14":0,"15":0},"f":{"0":0,"1":0,"2":0},"b":{"0":[0,0],"1":[0,0]}}
}
